-- The C compiler identification is GNU 11.4.0
-- The CXX compiler identification is GNU 11.4.0
-- Detecting C compiler ABI info
-- Detecting C compiler ABI info - done
-- Check for working C compiler: /usr/bin/cc - skipped
-- Detecting C compile features
-- Detecting C compile features - done
-- Detecting CXX compiler ABI info
-- Detecting CXX compiler ABI info - done
-- Check for working CXX compiler: /usr/bin/c++ - skipped
-- Detecting CXX compile features
-- Detecting CXX compile features - done
-- Found ament_cmake: 1.3.10 (/opt/ros/humble/share/ament_cmake/cmake)
-- Found Python3: /usr/bin/python3 (found version "3.10.12") found components: Interpreter 
-- Found cv_bridge: 3.2.1 (/opt/ros/humble/share/cv_bridge/cmake)
-- Found rosidl_generator_c: 3.1.5 (/opt/ros/humble/share/rosidl_generator_c/cmake)
-- Found rosidl_adapter: 3.1.5 (/opt/ros/humble/share/rosidl_adapter/cmake)
-- Found rosidl_generator_cpp: 3.1.5 (/opt/ros/humble/share/rosidl_generator_cpp/cmake)
-- Using all available rosidl_typesupport_c: rosidl_typesupport_fastrtps_c;rosidl_typesupport_introspection_c
-- Using all available rosidl_typesupport_cpp: rosidl_typesupport_fastrtps_cpp;rosidl_typesupport_introspection_cpp
-- Found image_geometry: 3.2.1 (/opt/ros/humble/share/image_geometry/cmake)
-- Found moveit_ros_planning_interface: 2.5.5 (/opt/ros/humble/share/moveit_ros_planning_interface/cmake)
-- Found Boost: /usr/lib/x86_64-linux-gnu/cmake/Boost-1.74.0/BoostConfig.cmake (found version "1.74.0") found components: date_time filesystem program_options system thread 
-- Found Boost: /usr/lib/x86_64-linux-gnu/cmake/Boost-1.74.0/BoostConfig.cmake (found version "1.74.0") found components: chrono date_time filesystem iostreams program_options regex serialization system thread 
-- Found parameter_traits: 0.3.8 (/opt/ros/humble/share/parameter_traits/cmake)
-- Found rmw_implementation_cmake: 6.1.2 (/opt/ros/humble/share/rmw_implementation_cmake/cmake)
-- Found rmw_fastrtps_cpp: 6.2.7 (/opt/ros/humble/share/rmw_fastrtps_cpp/cmake)
-- Found OpenSSL: /usr/lib/x86_64-linux-gnu/libcrypto.so (found version "3.0.2")  
-- Found FastRTPS: /opt/ros/humble/include  
-- Using RMW implementation 'rmw_fastrtps_cpp' as default
-- Found Threads: TRUE  
-- Found rclcpp_lifecycle: 16.0.10 (/opt/ros/humble/share/rclcpp_lifecycle/cmake)
-- Found Boost: /usr/lib/x86_64-linux-gnu/cmake/Boost-1.74.0/BoostConfig.cmake (found version "1.74.0") found components: filesystem 
-- library: /usr/lib/x86_64-linux-gnu/libcurl.so
-- Found Eigen3: TRUE (found version "3.4.0") 
-- Ensuring Eigen3 include directory is part of orocos-kdl CMake target
-- Found Boost: /usr/lib/x86_64-linux-gnu/cmake/Boost-1.74.0/BoostConfig.cmake (found version "1.74.0") found components: system filesystem date_time program_options thread chrono 
-- Found Boost: /usr/lib/x86_64-linux-gnu/cmake/Boost-1.74.0/BoostConfig.cmake (found version "1.74.0") found components: thread system filesystem regex date_time program_options 
-- Found Boost: /usr/lib/x86_64-linux-gnu/cmake/Boost-1.74.0/BoostConfig.cmake (found version "1.74.0") found components: system filesystem date_time program_options thread 
-- Found OpenCV: /usr (found version "4.5.4") found components: core 
-- Found ament_lint_auto: 0.12.11 (/opt/ros/humble/share/ament_lint_auto/cmake)
-- Added test 'copyright' to check source files copyright and LICENSE
-- Added test 'cppcheck' to perform static code analysis on C / C++ code
-- Configured cppcheck include dirs: 
-- Configured cppcheck exclude dirs and/or files: 
-- Added test 'cpplint' to check C / C++ code against the Google style
-- Configured cpplint exclude dirs and/or files: 
-- Added test 'flake8' to check Python code syntax and style conventions
-- Added test 'lint_cmake' to check CMake code style
-- Added test 'pep257' to check Python code against some of the docstring style conventions in PEP 257
-- Added test 'uncrustify' to check C / C++ code style
-- Configured uncrustify additional arguments: 
-- Added test 'xmllint' to check XML markup files
-- Configuring done
-- Generating done
-- Build files have been written to: /home/adrobo/ros2_ws/src/crane_x7_serving_food_examples/build/crane_x7_serving_food_examples
[ 50%] [32mBuilding CXX object CMakeFiles/plate_pick_and_move.dir/src/plate_pick_and_move.cpp.o[0m
[100%] [32m[1mLinking CXX executable plate_pick_and_move[0m
[100%] Built target plate_pick_and_move
-- Install configuration: ""
-- Installing: /home/adrobo/ros2_ws/src/crane_x7_serving_food_examples/install/crane_x7_serving_food_examples/lib/crane_x7_serving_food_examples/plate_pick_and_move
-- Set runtime path of "/home/adrobo/ros2_ws/src/crane_x7_serving_food_examples/install/crane_x7_serving_food_examples/lib/crane_x7_serving_food_examples/plate_pick_and_move" to ""
-- Installing: /home/adrobo/ros2_ws/src/crane_x7_serving_food_examples/install/crane_x7_serving_food_examples/share/crane_x7_serving_food_examples//launch
-- Installing: /home/adrobo/ros2_ws/src/crane_x7_serving_food_examples/install/crane_x7_serving_food_examples/share/crane_x7_serving_food_examples//launch/plate_pick_and_move.launch.py
-- Installing: /home/adrobo/ros2_ws/src/crane_x7_serving_food_examples/install/crane_x7_serving_food_examples/share/crane_x7_serving_food_examples//launch/camera_blue_plate_picking.launch.py
-- Installing: /home/adrobo/ros2_ws/src/crane_x7_serving_food_examples/install/crane_x7_serving_food_examples/share/crane_x7_serving_food_examples//launch/camera_color_plate_picking.launch.py
-- Installing: /home/adrobo/ros2_ws/src/crane_x7_serving_food_examples/install/crane_x7_serving_food_examples/share/crane_x7_serving_food_examples//launch/camera_yellow_plate_picking.launch.py
-- Installing: /home/adrobo/ros2_ws/src/crane_x7_serving_food_examples/install/crane_x7_serving_food_examples/share/ament_index/resource_index/package_run_dependencies/crane_x7_serving_food_examples
-- Installing: /home/adrobo/ros2_ws/src/crane_x7_serving_food_examples/install/crane_x7_serving_food_examples/share/ament_index/resource_index/parent_prefix_path/crane_x7_serving_food_examples
-- Installing: /home/adrobo/ros2_ws/src/crane_x7_serving_food_examples/install/crane_x7_serving_food_examples/share/crane_x7_serving_food_examples/environment/ament_prefix_path.sh
-- Installing: /home/adrobo/ros2_ws/src/crane_x7_serving_food_examples/install/crane_x7_serving_food_examples/share/crane_x7_serving_food_examples/environment/ament_prefix_path.dsv
-- Installing: /home/adrobo/ros2_ws/src/crane_x7_serving_food_examples/install/crane_x7_serving_food_examples/share/crane_x7_serving_food_examples/environment/path.sh
-- Installing: /home/adrobo/ros2_ws/src/crane_x7_serving_food_examples/install/crane_x7_serving_food_examples/share/crane_x7_serving_food_examples/environment/path.dsv
-- Installing: /home/adrobo/ros2_ws/src/crane_x7_serving_food_examples/install/crane_x7_serving_food_examples/share/crane_x7_serving_food_examples/local_setup.bash
-- Installing: /home/adrobo/ros2_ws/src/crane_x7_serving_food_examples/install/crane_x7_serving_food_examples/share/crane_x7_serving_food_examples/local_setup.sh
-- Installing: /home/adrobo/ros2_ws/src/crane_x7_serving_food_examples/install/crane_x7_serving_food_examples/share/crane_x7_serving_food_examples/local_setup.zsh
-- Installing: /home/adrobo/ros2_ws/src/crane_x7_serving_food_examples/install/crane_x7_serving_food_examples/share/crane_x7_serving_food_examples/local_setup.dsv
-- Installing: /home/adrobo/ros2_ws/src/crane_x7_serving_food_examples/install/crane_x7_serving_food_examples/share/crane_x7_serving_food_examples/package.dsv
-- Installing: /home/adrobo/ros2_ws/src/crane_x7_serving_food_examples/install/crane_x7_serving_food_examples/share/ament_index/resource_index/packages/crane_x7_serving_food_examples
-- Installing: /home/adrobo/ros2_ws/src/crane_x7_serving_food_examples/install/crane_x7_serving_food_examples/share/crane_x7_serving_food_examples/cmake/crane_x7_serving_food_examplesConfig.cmake
-- Installing: /home/adrobo/ros2_ws/src/crane_x7_serving_food_examples/install/crane_x7_serving_food_examples/share/crane_x7_serving_food_examples/cmake/crane_x7_serving_food_examplesConfig-version.cmake
-- Installing: /home/adrobo/ros2_ws/src/crane_x7_serving_food_examples/install/crane_x7_serving_food_examples/share/crane_x7_serving_food_examples/package.xml
