[0.007s] Invoking command in '/home/adrobo/ros2_ws/src/crane_x7_serving_food_examples/build/crane_x7_serving_food_examples': CMAKE_PREFIX_PATH=${CMAKE_PREFIX_PATH}:/home/adrobo/ros2_ws/install/robo3:/opt/ros/humble /usr/bin/cmake /home/adrobo/ros2_ws/src/crane_x7_serving_food_examples -DCMAKE_INSTALL_PREFIX=/home/adrobo/ros2_ws/src/crane_x7_serving_food_examples/install/crane_x7_serving_food_examples
[0.062s] -- The C compiler identification is GNU 11.4.0
[0.095s] -- The CXX compiler identification is GNU 11.4.0
[0.100s] -- Detecting C compiler ABI info
[0.147s] -- Detecting C compiler ABI info - done
[0.154s] -- Check for working C compiler: /usr/bin/cc - skipped
[0.154s] -- Detecting C compile features
[0.154s] -- Detecting C compile features - done
[0.156s] -- Detecting CXX compiler ABI info
[0.209s] -- Detecting CXX compiler ABI info - done
[0.222s] -- Check for working CXX compiler: /usr/bin/c++ - skipped
[0.222s] -- Detecting CXX compile features
[0.223s] -- Detecting CXX compile features - done
[0.227s] -- Found ament_cmake: 1.3.10 (/opt/ros/humble/share/ament_cmake/cmake)
[0.326s] -- Found Python3: /usr/bin/python3 (found version "3.10.12") found components: Interpreter 
[0.382s] -- Found cv_bridge: 3.2.1 (/opt/ros/humble/share/cv_bridge/cmake)
[0.413s] -- Found rosidl_generator_c: 3.1.5 (/opt/ros/humble/share/rosidl_generator_c/cmake)
[0.417s] -- Found rosidl_adapter: 3.1.5 (/opt/ros/humble/share/rosidl_adapter/cmake)
[0.422s] -- Found rosidl_generator_cpp: 3.1.5 (/opt/ros/humble/share/rosidl_generator_cpp/cmake)
[0.430s] -- Using all available rosidl_typesupport_c: rosidl_typesupport_fastrtps_c;rosidl_typesupport_introspection_c
[0.441s] -- Using all available rosidl_typesupport_cpp: rosidl_typesupport_fastrtps_cpp;rosidl_typesupport_introspection_cpp
[0.480s] -- Found image_geometry: 3.2.1 (/opt/ros/humble/share/image_geometry/cmake)
[0.482s] -- Found moveit_ros_planning_interface: 2.5.5 (/opt/ros/humble/share/moveit_ros_planning_interface/cmake)
[0.598s] -- Found Boost: /usr/lib/x86_64-linux-gnu/cmake/Boost-1.74.0/BoostConfig.cmake (found version "1.74.0") found components: date_time filesystem program_options system thread 
[0.697s] -- Found Boost: /usr/lib/x86_64-linux-gnu/cmake/Boost-1.74.0/BoostConfig.cmake (found version "1.74.0") found components: chrono date_time filesystem iostreams program_options regex serialization system thread 
[0.707s] -- Found parameter_traits: 0.3.8 (/opt/ros/humble/share/parameter_traits/cmake)
[0.736s] -- Found rmw_implementation_cmake: 6.1.2 (/opt/ros/humble/share/rmw_implementation_cmake/cmake)
[0.738s] -- Found rmw_fastrtps_cpp: 6.2.7 (/opt/ros/humble/share/rmw_fastrtps_cpp/cmake)
[0.798s] -- Found OpenSSL: /usr/lib/x86_64-linux-gnu/libcrypto.so (found version "3.0.2")  
[0.816s] -- Found FastRTPS: /opt/ros/humble/include  
[0.844s] -- Using RMW implementation 'rmw_fastrtps_cpp' as default
[0.850s] -- Found Threads: TRUE  
[0.887s] -- Found rclcpp_lifecycle: 16.0.10 (/opt/ros/humble/share/rclcpp_lifecycle/cmake)
[0.903s] -- Found Boost: /usr/lib/x86_64-linux-gnu/cmake/Boost-1.74.0/BoostConfig.cmake (found version "1.74.0") found components: filesystem 
[0.969s] -- library: /usr/lib/x86_64-linux-gnu/libcurl.so
[0.991s] -- Found Eigen3: TRUE (found version "3.4.0") 
[0.991s] -- Ensuring Eigen3 include directory is part of orocos-kdl CMake target
[1.086s] -- Found Boost: /usr/lib/x86_64-linux-gnu/cmake/Boost-1.74.0/BoostConfig.cmake (found version "1.74.0") found components: system filesystem date_time program_options thread chrono 
[1.109s] -- Found Boost: /usr/lib/x86_64-linux-gnu/cmake/Boost-1.74.0/BoostConfig.cmake (found version "1.74.0") found components: thread system filesystem regex date_time program_options 
[1.124s] -- Found Boost: /usr/lib/x86_64-linux-gnu/cmake/Boost-1.74.0/BoostConfig.cmake (found version "1.74.0") found components: system filesystem date_time program_options thread 
[1.144s] -- Found OpenCV: /usr (found version "4.5.4") found components: core 
[1.146s] -- Found ament_lint_auto: 0.12.11 (/opt/ros/humble/share/ament_lint_auto/cmake)
[1.198s] -- Added test 'copyright' to check source files copyright and LICENSE
[1.201s] -- Added test 'cppcheck' to perform static code analysis on C / C++ code
[1.201s] -- Configured cppcheck include dirs: 
[1.202s] -- Configured cppcheck exclude dirs and/or files: 
[1.204s] -- Added test 'cpplint' to check C / C++ code against the Google style
[1.204s] -- Configured cpplint exclude dirs and/or files: 
[1.205s] -- Added test 'flake8' to check Python code syntax and style conventions
[1.206s] -- Added test 'lint_cmake' to check CMake code style
[1.206s] -- Added test 'pep257' to check Python code against some of the docstring style conventions in PEP 257
[1.209s] -- Added test 'uncrustify' to check C / C++ code style
[1.209s] -- Configured uncrustify additional arguments: 
[1.210s] -- Added test 'xmllint' to check XML markup files
[1.210s] -- Configuring done
[1.228s] -- Generating done
[1.230s] -- Build files have been written to: /home/adrobo/ros2_ws/src/crane_x7_serving_food_examples/build/crane_x7_serving_food_examples
[1.240s] Invoked command in '/home/adrobo/ros2_ws/src/crane_x7_serving_food_examples/build/crane_x7_serving_food_examples' returned '0': CMAKE_PREFIX_PATH=${CMAKE_PREFIX_PATH}:/home/adrobo/ros2_ws/install/robo3:/opt/ros/humble /usr/bin/cmake /home/adrobo/ros2_ws/src/crane_x7_serving_food_examples -DCMAKE_INSTALL_PREFIX=/home/adrobo/ros2_ws/src/crane_x7_serving_food_examples/install/crane_x7_serving_food_examples
[1.242s] Invoking command in '/home/adrobo/ros2_ws/src/crane_x7_serving_food_examples/build/crane_x7_serving_food_examples': CMAKE_PREFIX_PATH=${CMAKE_PREFIX_PATH}:/home/adrobo/ros2_ws/install/robo3:/opt/ros/humble /usr/bin/cmake --build /home/adrobo/ros2_ws/src/crane_x7_serving_food_examples/build/crane_x7_serving_food_examples -- -j16 -l16
[1.280s] [ 50%] [32mBuilding CXX object CMakeFiles/plate_pick_and_move.dir/src/plate_pick_and_move.cpp.o[0m
[6.279s] [100%] [32m[1mLinking CXX executable plate_pick_and_move[0m
[6.588s] [100%] Built target plate_pick_and_move
[6.716s] Invoked command in '/home/adrobo/ros2_ws/src/crane_x7_serving_food_examples/build/crane_x7_serving_food_examples' returned '0': CMAKE_PREFIX_PATH=${CMAKE_PREFIX_PATH}:/home/adrobo/ros2_ws/install/robo3:/opt/ros/humble /usr/bin/cmake --build /home/adrobo/ros2_ws/src/crane_x7_serving_food_examples/build/crane_x7_serving_food_examples -- -j16 -l16
[6.741s] Invoking command in '/home/adrobo/ros2_ws/src/crane_x7_serving_food_examples/build/crane_x7_serving_food_examples': CMAKE_PREFIX_PATH=${CMAKE_PREFIX_PATH}:/home/adrobo/ros2_ws/install/robo3:/opt/ros/humble /usr/bin/cmake --install /home/adrobo/ros2_ws/src/crane_x7_serving_food_examples/build/crane_x7_serving_food_examples
[6.745s] -- Install configuration: ""
[6.745s] -- Installing: /home/adrobo/ros2_ws/src/crane_x7_serving_food_examples/install/crane_x7_serving_food_examples/lib/crane_x7_serving_food_examples/plate_pick_and_move
[6.745s] -- Set runtime path of "/home/adrobo/ros2_ws/src/crane_x7_serving_food_examples/install/crane_x7_serving_food_examples/lib/crane_x7_serving_food_examples/plate_pick_and_move" to ""
[6.746s] -- Installing: /home/adrobo/ros2_ws/src/crane_x7_serving_food_examples/install/crane_x7_serving_food_examples/share/crane_x7_serving_food_examples//launch
[6.746s] -- Installing: /home/adrobo/ros2_ws/src/crane_x7_serving_food_examples/install/crane_x7_serving_food_examples/share/crane_x7_serving_food_examples//launch/plate_pick_and_move.launch.py
[6.746s] -- Installing: /home/adrobo/ros2_ws/src/crane_x7_serving_food_examples/install/crane_x7_serving_food_examples/share/crane_x7_serving_food_examples//launch/camera_blue_plate_picking.launch.py
[6.746s] -- Installing: /home/adrobo/ros2_ws/src/crane_x7_serving_food_examples/install/crane_x7_serving_food_examples/share/crane_x7_serving_food_examples//launch/camera_color_plate_picking.launch.py
[6.746s] -- Installing: /home/adrobo/ros2_ws/src/crane_x7_serving_food_examples/install/crane_x7_serving_food_examples/share/crane_x7_serving_food_examples//launch/camera_yellow_plate_picking.launch.py
[6.746s] -- Installing: /home/adrobo/ros2_ws/src/crane_x7_serving_food_examples/install/crane_x7_serving_food_examples/share/ament_index/resource_index/package_run_dependencies/crane_x7_serving_food_examples
[6.746s] -- Installing: /home/adrobo/ros2_ws/src/crane_x7_serving_food_examples/install/crane_x7_serving_food_examples/share/ament_index/resource_index/parent_prefix_path/crane_x7_serving_food_examples
[6.746s] -- Installing: /home/adrobo/ros2_ws/src/crane_x7_serving_food_examples/install/crane_x7_serving_food_examples/share/crane_x7_serving_food_examples/environment/ament_prefix_path.sh
[6.746s] -- Installing: /home/adrobo/ros2_ws/src/crane_x7_serving_food_examples/install/crane_x7_serving_food_examples/share/crane_x7_serving_food_examples/environment/ament_prefix_path.dsv
[6.746s] -- Installing: /home/adrobo/ros2_ws/src/crane_x7_serving_food_examples/install/crane_x7_serving_food_examples/share/crane_x7_serving_food_examples/environment/path.sh
[6.746s] -- Installing: /home/adrobo/ros2_ws/src/crane_x7_serving_food_examples/install/crane_x7_serving_food_examples/share/crane_x7_serving_food_examples/environment/path.dsv
[6.746s] -- Installing: /home/adrobo/ros2_ws/src/crane_x7_serving_food_examples/install/crane_x7_serving_food_examples/share/crane_x7_serving_food_examples/local_setup.bash
[6.747s] -- Installing: /home/adrobo/ros2_ws/src/crane_x7_serving_food_examples/install/crane_x7_serving_food_examples/share/crane_x7_serving_food_examples/local_setup.sh
[6.747s] -- Installing: /home/adrobo/ros2_ws/src/crane_x7_serving_food_examples/install/crane_x7_serving_food_examples/share/crane_x7_serving_food_examples/local_setup.zsh
[6.747s] -- Installing: /home/adrobo/ros2_ws/src/crane_x7_serving_food_examples/install/crane_x7_serving_food_examples/share/crane_x7_serving_food_examples/local_setup.dsv
[6.747s] -- Installing: /home/adrobo/ros2_ws/src/crane_x7_serving_food_examples/install/crane_x7_serving_food_examples/share/crane_x7_serving_food_examples/package.dsv
[6.747s] -- Installing: /home/adrobo/ros2_ws/src/crane_x7_serving_food_examples/install/crane_x7_serving_food_examples/share/ament_index/resource_index/packages/crane_x7_serving_food_examples
[6.747s] -- Installing: /home/adrobo/ros2_ws/src/crane_x7_serving_food_examples/install/crane_x7_serving_food_examples/share/crane_x7_serving_food_examples/cmake/crane_x7_serving_food_examplesConfig.cmake
[6.747s] -- Installing: /home/adrobo/ros2_ws/src/crane_x7_serving_food_examples/install/crane_x7_serving_food_examples/share/crane_x7_serving_food_examples/cmake/crane_x7_serving_food_examplesConfig-version.cmake
[6.747s] -- Installing: /home/adrobo/ros2_ws/src/crane_x7_serving_food_examples/install/crane_x7_serving_food_examples/share/crane_x7_serving_food_examples/package.xml
[6.747s] Invoked command in '/home/adrobo/ros2_ws/src/crane_x7_serving_food_examples/build/crane_x7_serving_food_examples' returned '0': CMAKE_PREFIX_PATH=${CMAKE_PREFIX_PATH}:/home/adrobo/ros2_ws/install/robo3:/opt/ros/humble /usr/bin/cmake --install /home/adrobo/ros2_ws/src/crane_x7_serving_food_examples/build/crane_x7_serving_food_examples
